{"level":"info","message":"Server running on port 5000","timestamp":"2025-05-27T20:16:41.783Z"}
{"level":"info","message":"MongoDB connected","timestamp":"2025-05-27T20:16:42.753Z"}
{"level":"info","message":"Server running on port 5000","timestamp":"2025-05-27T20:30:39.992Z"}
{"level":"info","message":"MongoDB connected","timestamp":"2025-05-27T20:30:41.162Z"}
{"level":"info","message":"GET /api/batches","timestamp":"2025-05-27T20:32:34.243Z"}
{"level":"info","message":"GET /api/branches","timestamp":"2025-05-27T20:32:34.247Z"}
{"level":"info","message":"GET /api/semesters","timestamp":"2025-05-27T20:32:34.248Z"}
{"level":"info","message":"GET /api/subjects","timestamp":"2025-05-27T20:32:34.249Z"}
{"level":"info","message":"GET /api/faculties","timestamp":"2025-05-27T20:32:34.251Z"}
{"level":"info","message":"GET /api/classrooms","timestamp":"2025-05-27T20:32:34.253Z"}
{"level":"info","message":"GET /api/batches","timestamp":"2025-05-27T20:32:34.264Z"}
{"level":"info","message":"GET /api/branches","timestamp":"2025-05-27T20:32:34.278Z"}
{"level":"info","message":"GET /api/semesters","timestamp":"2025-05-27T20:32:34.283Z"}
{"level":"info","message":"GET /api/subjects","timestamp":"2025-05-27T20:32:34.285Z"}
{"level":"info","message":"GET /api/faculties","timestamp":"2025-05-27T20:32:34.286Z"}
{"level":"info","message":"GET /api/classrooms","timestamp":"2025-05-27T20:32:34.290Z"}
{"level":"info","message":"GET /api/batches","timestamp":"2025-05-27T20:32:37.405Z"}
{"level":"info","message":"GET /api/branches","timestamp":"2025-05-27T20:32:37.406Z"}
{"level":"info","message":"GET /api/semesters","timestamp":"2025-05-27T20:32:37.409Z"}
{"level":"info","message":"GET /api/subjects","timestamp":"2025-05-27T20:32:37.411Z"}
{"level":"info","message":"GET /api/faculties","timestamp":"2025-05-27T20:32:37.412Z"}
{"level":"info","message":"GET /api/classrooms","timestamp":"2025-05-27T20:32:37.414Z"}
{"level":"info","message":"GET /api/batches","timestamp":"2025-05-27T20:32:37.415Z"}
{"level":"info","message":"GET /api/branches","timestamp":"2025-05-27T20:32:37.420Z"}
{"level":"info","message":"GET /api/semesters","timestamp":"2025-05-27T20:32:37.422Z"}
{"level":"info","message":"GET /api/subjects","timestamp":"2025-05-27T20:32:37.424Z"}
{"level":"info","message":"GET /api/faculties","timestamp":"2025-05-27T20:32:37.425Z"}
{"level":"info","message":"GET /api/classrooms","timestamp":"2025-05-27T20:32:37.428Z"}
{"level":"info","message":"GET /api/batches","timestamp":"2025-05-27T20:32:51.798Z"}
{"level":"info","message":"GET /api/branches","timestamp":"2025-05-27T20:32:51.802Z"}
{"level":"info","message":"GET /api/semesters","timestamp":"2025-05-27T20:32:51.806Z"}
{"level":"info","message":"GET /api/subjects","timestamp":"2025-05-27T20:32:51.815Z"}
{"level":"info","message":"GET /api/faculties","timestamp":"2025-05-27T20:32:51.819Z"}
{"level":"info","message":"GET /api/classrooms","timestamp":"2025-05-27T20:32:51.822Z"}
{"level":"info","message":"Server running on port 5000","timestamp":"2025-05-27T20:45:05.594Z"}
{"level":"info","message":"MongoDB connected","timestamp":"2025-05-27T20:45:06.448Z"}
{"level":"info","message":"GET /api/batches","timestamp":"2025-05-27T20:45:34.274Z"}
{"level":"info","message":"GET /api/branches","timestamp":"2025-05-27T20:45:34.292Z"}
{"level":"info","message":"GET /api/semesters","timestamp":"2025-05-27T20:45:34.298Z"}
{"level":"info","message":"GET /api/subjects","timestamp":"2025-05-27T20:45:34.308Z"}
{"level":"info","message":"GET /api/faculties","timestamp":"2025-05-27T20:45:34.312Z"}
{"level":"info","message":"GET /api/classrooms","timestamp":"2025-05-27T20:45:34.316Z"}
{"level":"info","message":"POST /api/batches","timestamp":"2025-05-27T20:46:10.821Z"}
{"level":"info","message":"POST /api/branches","timestamp":"2025-05-27T20:46:33.250Z"}
{"level":"info","message":"POST /api/semesters","timestamp":"2025-05-27T20:46:51.215Z"}
{"level":"info","message":"POST /api/subjects","timestamp":"2025-05-27T20:47:11.993Z"}
{"level":"info","message":"POST /api/faculties","timestamp":"2025-05-27T20:47:33.715Z"}
{"level":"info","message":"POST /api/classrooms","timestamp":"2025-05-27T20:47:44.769Z"}
{"level":"info","message":"GET /api/batches","timestamp":"2025-05-27T20:53:07.249Z"}
{"level":"info","message":"GET /api/branches","timestamp":"2025-05-27T20:53:07.275Z"}
{"level":"info","message":"GET /api/semesters","timestamp":"2025-05-27T20:53:07.293Z"}
{"level":"info","message":"GET /api/sections","timestamp":"2025-05-27T20:53:07.317Z"}
{"level":"info","message":"GET /api/classrooms","timestamp":"2025-05-27T20:53:07.328Z"}
{"level":"info","message":"GET /api/timeslots","timestamp":"2025-05-27T20:53:07.365Z"}
{"level":"info","message":"GET /api/subjects","timestamp":"2025-05-27T20:53:07.371Z"}
{"level":"info","message":"GET /api/faculties","timestamp":"2025-05-27T20:53:07.376Z"}
{"level":"info","message":"Server running on port 5000","timestamp":"2025-05-27T21:03:21.679Z"}
{"level":"info","message":"MongoDB connected","timestamp":"2025-05-27T21:03:22.419Z"}
{"level":"info","message":"POST /api/auth/login","timestamp":"2025-05-27T21:05:56.465Z"}
{"level":"info","message":"Server running on port 5000","timestamp":"2025-05-27T21:08:41.150Z"}
{"level":"info","message":"Server running on port 5000","timestamp":"2025-05-27T21:08:57.519Z"}
{"level":"info","message":"POST /api/auth/login","timestamp":"2025-05-27T21:09:29.405Z"}
{"level":"info","message":"Server running on port 5000","timestamp":"2025-05-27T21:09:40.608Z"}
{"level":"info","message":"POST /api/auth/login","timestamp":"2025-05-27T21:10:02.821Z"}
{"level":"info","message":"Server running on port 5000","timestamp":"2025-05-27T21:10:46.994Z"}
{"level":"info","message":"POST /api/auth/login","timestamp":"2025-05-27T21:10:53.790Z"}
{"level":"info","message":"POST /api/auth/login","timestamp":"2025-05-27T21:10:57.627Z"}
{"level":"info","message":"POST /api/auth/login","timestamp":"2025-05-27T21:12:46.073Z"}
{"level":"info","message":"GET /api/stats","timestamp":"2025-05-27T21:12:49.564Z"}
{"level":"info","message":"GET /api/stats","timestamp":"2025-05-27T21:12:49.576Z"}
{"level":"info","message":"GET /api/batches","timestamp":"2025-05-27T21:12:58.886Z"}
{"level":"info","message":"GET /api/branches","timestamp":"2025-05-27T21:12:58.894Z"}
{"level":"info","message":"GET /api/subjects","timestamp":"2025-05-27T21:12:58.905Z"}
{"level":"info","message":"GET /api/semesters","timestamp":"2025-05-27T21:12:58.911Z"}
{"level":"info","message":"GET /api/faculties","timestamp":"2025-05-27T21:12:58.917Z"}
{"level":"info","message":"GET /api/classrooms","timestamp":"2025-05-27T21:12:58.990Z"}
{"level":"info","message":"GET /api/batches","timestamp":"2025-05-27T21:12:58.994Z"}
{"level":"info","message":"GET /api/branches","timestamp":"2025-05-27T21:12:59.017Z"}
{"level":"info","message":"GET /api/faculties","timestamp":"2025-05-27T21:12:59.046Z"}
{"level":"info","message":"GET /api/subjects","timestamp":"2025-05-27T21:12:59.055Z"}
{"level":"info","message":"GET /api/semesters","timestamp":"2025-05-27T21:12:59.059Z"}
{"level":"info","message":"GET /api/classrooms","timestamp":"2025-05-27T21:12:59.072Z"}
{"level":"info","message":"GET /api/batches","timestamp":"2025-05-27T21:13:04.058Z"}
{"level":"info","message":"GET /api/branches","timestamp":"2025-05-27T21:13:04.061Z"}
{"level":"info","message":"GET /api/semesters","timestamp":"2025-05-27T21:13:04.062Z"}
{"level":"info","message":"GET /api/sections","timestamp":"2025-05-27T21:13:04.064Z"}
{"level":"info","message":"GET /api/subjects","timestamp":"2025-05-27T21:13:04.065Z"}
{"level":"info","message":"GET /api/faculties","timestamp":"2025-05-27T21:13:04.068Z"}
{"level":"info","message":"GET /api/classrooms","timestamp":"2025-05-27T21:13:04.073Z"}
{"level":"info","message":"GET /api/timeslots","timestamp":"2025-05-27T21:13:04.102Z"}
{"level":"info","message":"GET /api/sections","timestamp":"2025-05-27T21:13:04.107Z"}
{"level":"info","message":"GET /api/batches","timestamp":"2025-05-27T21:13:04.110Z"}
{"level":"info","message":"GET /api/branches","timestamp":"2025-05-27T21:13:04.114Z"}
{"level":"info","message":"GET /api/faculties","timestamp":"2025-05-27T21:13:04.117Z"}
{"level":"info","message":"GET /api/classrooms","timestamp":"2025-05-27T21:13:04.127Z"}
{"level":"info","message":"GET /api/subjects","timestamp":"2025-05-27T21:13:04.139Z"}
{"level":"info","message":"GET /api/timeslots","timestamp":"2025-05-27T21:13:04.142Z"}
{"level":"info","message":"GET /api/semesters","timestamp":"2025-05-27T21:13:04.357Z"}
{"level":"info","message":"GET /api/batches","timestamp":"2025-05-27T21:13:07.616Z"}
{"level":"info","message":"GET /api/branches","timestamp":"2025-05-27T21:13:07.619Z"}
{"level":"info","message":"GET /api/semesters","timestamp":"2025-05-27T21:13:07.621Z"}
{"level":"info","message":"GET /api/sections","timestamp":"2025-05-27T21:13:07.624Z"}
{"level":"info","message":"GET /api/subjects","timestamp":"2025-05-27T21:13:07.626Z"}
{"level":"info","message":"GET /api/faculties","timestamp":"2025-05-27T21:13:07.628Z"}
{"level":"info","message":"GET /api/classrooms","timestamp":"2025-05-27T21:13:07.637Z"}
{"level":"info","message":"GET /api/timeslots","timestamp":"2025-05-27T21:13:07.658Z"}
{"level":"info","message":"GET /api/batches","timestamp":"2025-05-27T21:13:51.458Z"}
{"level":"info","message":"GET /api/branches","timestamp":"2025-05-27T21:13:51.467Z"}
{"level":"info","message":"GET /api/semesters","timestamp":"2025-05-27T21:13:51.471Z"}
{"level":"info","message":"GET /api/subjects","timestamp":"2025-05-27T21:13:51.473Z"}
{"level":"info","message":"GET /api/faculties","timestamp":"2025-05-27T21:13:51.475Z"}
{"level":"info","message":"GET /api/classrooms","timestamp":"2025-05-27T21:13:51.478Z"}
{"level":"info","message":"GET /api/batches","timestamp":"2025-05-27T21:13:51.509Z"}
{"level":"info","message":"GET /api/branches","timestamp":"2025-05-27T21:13:51.514Z"}
{"level":"info","message":"GET /api/faculties","timestamp":"2025-05-27T21:13:51.524Z"}
{"level":"info","message":"GET /api/classrooms","timestamp":"2025-05-27T21:13:51.529Z"}
{"level":"info","message":"GET /api/semesters","timestamp":"2025-05-27T21:13:51.549Z"}
{"level":"info","message":"GET /api/subjects","timestamp":"2025-05-27T21:13:51.561Z"}
{"level":"info","message":"POST /api/subjects","timestamp":"2025-05-27T21:14:04.550Z"}
{"level":"info","message":"GET /api/batches","timestamp":"2025-05-27T21:14:09.571Z"}
{"level":"info","message":"GET /api/branches","timestamp":"2025-05-27T21:14:09.574Z"}
{"level":"info","message":"GET /api/subjects","timestamp":"2025-05-27T21:14:09.576Z"}
{"level":"info","message":"GET /api/semesters","timestamp":"2025-05-27T21:14:09.577Z"}
{"level":"info","message":"GET /api/sections","timestamp":"2025-05-27T21:14:09.579Z"}
{"level":"info","message":"GET /api/faculties","timestamp":"2025-05-27T21:14:09.580Z"}
{"level":"info","message":"GET /api/classrooms","timestamp":"2025-05-27T21:14:09.584Z"}
{"level":"info","message":"GET /api/timeslots","timestamp":"2025-05-27T21:14:09.602Z"}
{"level":"info","message":"GET /api/sections","timestamp":"2025-05-27T21:14:09.609Z"}
{"level":"info","message":"GET /api/branches","timestamp":"2025-05-27T21:14:09.614Z"}
{"level":"info","message":"GET /api/faculties","timestamp":"2025-05-27T21:14:09.616Z"}
{"level":"info","message":"GET /api/batches","timestamp":"2025-05-27T21:14:09.618Z"}
{"level":"info","message":"GET /api/classrooms","timestamp":"2025-05-27T21:14:09.626Z"}
{"level":"info","message":"GET /api/subjects","timestamp":"2025-05-27T21:14:09.628Z"}
{"level":"info","message":"GET /api/timeslots","timestamp":"2025-05-27T21:14:09.633Z"}
{"level":"info","message":"GET /api/semesters","timestamp":"2025-05-27T21:14:09.639Z"}
{"level":"info","message":"GET /api/batches","timestamp":"2025-05-27T21:22:14.174Z"}
{"level":"info","message":"GET /api/branches","timestamp":"2025-05-27T21:22:14.189Z"}
{"level":"info","message":"GET /api/semesters","timestamp":"2025-05-27T21:22:14.192Z"}
{"level":"info","message":"GET /api/sections","timestamp":"2025-05-27T21:22:14.195Z"}
{"level":"info","message":"GET /api/subjects","timestamp":"2025-05-27T21:22:14.196Z"}
{"level":"info","message":"GET /api/faculties","timestamp":"2025-05-27T21:22:14.200Z"}
{"level":"info","message":"GET /api/classrooms","timestamp":"2025-05-27T21:22:14.210Z"}
{"level":"info","message":"GET /api/timeslots","timestamp":"2025-05-27T21:22:14.234Z"}
{"level":"info","message":"GET /api/batches","timestamp":"2025-05-27T21:25:03.078Z"}
{"level":"info","message":"GET /api/branches","timestamp":"2025-05-27T21:25:03.083Z"}
{"level":"info","message":"GET /api/semesters","timestamp":"2025-05-27T21:25:03.087Z"}
{"level":"info","message":"GET /api/sections","timestamp":"2025-05-27T21:25:03.093Z"}
{"level":"info","message":"GET /api/subjects","timestamp":"2025-05-27T21:25:03.101Z"}
{"level":"info","message":"GET /api/faculties","timestamp":"2025-05-27T21:25:03.109Z"}
{"level":"info","message":"GET /api/classrooms","timestamp":"2025-05-27T21:25:03.119Z"}
{"level":"info","message":"GET /api/timeslots","timestamp":"2025-05-27T21:25:03.132Z"}
{"level":"info","message":"GET /api/batches","timestamp":"2025-05-27T21:27:52.041Z"}
{"level":"info","message":"GET /api/branches","timestamp":"2025-05-27T21:27:52.045Z"}
{"level":"info","message":"GET /api/semesters","timestamp":"2025-05-27T21:27:52.047Z"}
{"level":"info","message":"GET /api/sections","timestamp":"2025-05-27T21:27:52.050Z"}
{"level":"info","message":"GET /api/subjects","timestamp":"2025-05-27T21:27:52.051Z"}
{"level":"info","message":"GET /api/faculties","timestamp":"2025-05-27T21:27:52.057Z"}
{"level":"info","message":"GET /api/classrooms","timestamp":"2025-05-27T21:27:52.062Z"}
{"level":"info","message":"GET /api/timeslots","timestamp":"2025-05-27T21:27:52.070Z"}
{"level":"info","message":"Server running on port 5000","timestamp":"2025-05-27T21:31:18.638Z"}
{"level":"info","message":"Server running on port 5000","timestamp":"2025-05-27T21:31:28.058Z"}
{"level":"info","message":"GET /api/batches","timestamp":"2025-05-27T21:31:37.682Z"}
{"level":"info","message":"GET /api/classrooms","timestamp":"2025-05-27T21:31:37.692Z"}
{"level":"info","message":"GET /api/branches","timestamp":"2025-05-27T21:31:37.695Z"}
{"level":"info","message":"GET /api/semesters","timestamp":"2025-05-27T21:31:37.697Z"}
{"level":"info","message":"GET /api/sections","timestamp":"2025-05-27T21:31:37.701Z"}
{"level":"info","message":"GET /api/subjects","timestamp":"2025-05-27T21:31:37.708Z"}
{"level":"info","message":"GET /api/faculties","timestamp":"2025-05-27T21:31:37.771Z"}
{"level":"info","message":"GET /api/timeslots","timestamp":"2025-05-27T21:31:37.777Z"}
{"level":"info","message":"GET /api/batches","timestamp":"2025-05-27T21:32:22.760Z"}
{"level":"info","message":"GET /api/branches","timestamp":"2025-05-27T21:32:22.778Z"}
{"level":"info","message":"GET /api/semesters","timestamp":"2025-05-27T21:32:22.782Z"}
{"level":"info","message":"GET /api/subjects","timestamp":"2025-05-27T21:32:22.785Z"}
{"level":"info","message":"GET /api/faculties","timestamp":"2025-05-27T21:32:22.790Z"}
{"level":"info","message":"GET /api/classrooms","timestamp":"2025-05-27T21:32:22.798Z"}
{"level":"info","message":"GET /api/batches","timestamp":"2025-05-27T21:32:22.850Z"}
{"level":"info","message":"GET /api/branches","timestamp":"2025-05-27T21:32:22.861Z"}
{"level":"info","message":"GET /api/faculties","timestamp":"2025-05-27T21:32:22.865Z"}
{"level":"info","message":"GET /api/classrooms","timestamp":"2025-05-27T21:32:22.868Z"}
{"level":"info","message":"GET /api/semesters","timestamp":"2025-05-27T21:32:22.878Z"}
{"level":"info","message":"GET /api/subjects","timestamp":"2025-05-27T21:32:22.885Z"}
{"level":"info","message":"POST /api/batches","timestamp":"2025-05-27T21:32:48.282Z"}
{"level":"info","message":"POST /api/branches","timestamp":"2025-05-27T21:33:13.379Z"}
{"level":"info","message":"POST /api/semesters","timestamp":"2025-05-27T21:33:26.083Z"}
{"level":"info","message":"POST /api/subjects","timestamp":"2025-05-27T21:33:52.412Z"}
{"level":"info","message":"POST /api/faculties","timestamp":"2025-05-27T21:34:13.457Z"}
{"level":"info","message":"POST /api/classrooms","timestamp":"2025-05-27T21:34:27.073Z"}
{"level":"info","message":"GET /api/batches","timestamp":"2025-05-27T21:34:29.570Z"}
{"level":"info","message":"GET /api/semesters","timestamp":"2025-05-27T21:34:29.590Z"}
{"level":"info","message":"GET /api/branches","timestamp":"2025-05-27T21:34:29.595Z"}
{"level":"info","message":"GET /api/subjects","timestamp":"2025-05-27T21:34:29.602Z"}
{"level":"info","message":"GET /api/faculties","timestamp":"2025-05-27T21:34:29.610Z"}
{"level":"info","message":"GET /api/classrooms","timestamp":"2025-05-27T21:34:29.615Z"}
{"level":"info","message":"GET /api/sections","timestamp":"2025-05-27T21:34:29.648Z"}
{"level":"info","message":"GET /api/timeslots","timestamp":"2025-05-27T21:34:29.660Z"}
{"level":"info","message":"GET /api/batches","timestamp":"2025-05-27T21:34:29.674Z"}
{"level":"info","message":"GET /api/branches","timestamp":"2025-05-27T21:34:29.682Z"}
{"level":"info","message":"GET /api/faculties","timestamp":"2025-05-27T21:34:29.695Z"}
{"level":"info","message":"GET /api/classrooms","timestamp":"2025-05-27T21:34:29.702Z"}
{"level":"info","message":"GET /api/semesters","timestamp":"2025-05-27T21:34:29.711Z"}
{"level":"info","message":"GET /api/subjects","timestamp":"2025-05-27T21:34:29.719Z"}
{"level":"info","message":"GET /api/sections","timestamp":"2025-05-27T21:34:29.724Z"}
{"level":"info","message":"GET /api/timeslots","timestamp":"2025-05-27T21:34:29.728Z"}
{"level":"info","message":"GET /api/stats","timestamp":"2025-05-28T06:52:44.367Z"}
{"level":"info","message":"GET /api/stats","timestamp":"2025-05-28T06:52:44.449Z"}
{"level":"info","message":"GET /api/batches","timestamp":"2025-05-28T06:52:47.255Z"}
{"level":"info","message":"GET /api/branches","timestamp":"2025-05-28T06:52:47.339Z"}
{"level":"info","message":"GET /api/semesters","timestamp":"2025-05-28T06:52:47.346Z"}
{"level":"info","message":"GET /api/subjects","timestamp":"2025-05-28T06:52:47.351Z"}
{"level":"info","message":"GET /api/faculties","timestamp":"2025-05-28T06:52:47.356Z"}
{"level":"info","message":"GET /api/classrooms","timestamp":"2025-05-28T06:52:47.360Z"}
{"level":"info","message":"GET /api/batches","timestamp":"2025-05-28T06:52:48.223Z"}
{"level":"info","message":"GET /api/branches","timestamp":"2025-05-28T06:52:48.236Z"}
{"level":"info","message":"GET /api/faculties","timestamp":"2025-05-28T06:52:48.280Z"}
{"level":"info","message":"GET /api/classrooms","timestamp":"2025-05-28T06:52:48.298Z"}
{"level":"info","message":"GET /api/semesters","timestamp":"2025-05-28T06:52:48.723Z"}
{"level":"info","message":"GET /api/subjects","timestamp":"2025-05-28T06:52:48.799Z"}
{"level":"info","message":"GET /api/batches","timestamp":"2025-05-28T06:52:54.463Z"}
{"level":"info","message":"GET /api/branches","timestamp":"2025-05-28T06:52:54.466Z"}
{"level":"info","message":"GET /api/semesters","timestamp":"2025-05-28T06:52:54.468Z"}
{"level":"info","message":"GET /api/sections","timestamp":"2025-05-28T06:52:54.471Z"}
{"level":"info","message":"GET /api/classrooms","timestamp":"2025-05-28T06:52:54.476Z"}
{"level":"info","message":"GET /api/timeslots","timestamp":"2025-05-28T06:52:54.480Z"}
{"level":"info","message":"GET /api/subjects","timestamp":"2025-05-28T06:52:54.580Z"}
{"level":"info","message":"GET /api/faculties","timestamp":"2025-05-28T06:52:54.585Z"}
{"level":"info","message":"GET /api/batches","timestamp":"2025-05-28T06:52:54.591Z"}
{"level":"info","message":"GET /api/branches","timestamp":"2025-05-28T06:52:54.628Z"}
{"level":"info","message":"GET /api/sections","timestamp":"2025-05-28T06:52:54.671Z"}
{"level":"info","message":"GET /api/semesters","timestamp":"2025-05-28T06:52:54.694Z"}
{"level":"info","message":"GET /api/faculties","timestamp":"2025-05-28T06:52:54.723Z"}
{"level":"info","message":"GET /api/subjects","timestamp":"2025-05-28T06:52:54.751Z"}
{"level":"info","message":"GET /api/classrooms","timestamp":"2025-05-28T06:52:55.123Z"}
{"level":"info","message":"GET /api/timeslots","timestamp":"2025-05-28T06:52:55.148Z"}
{"level":"info","message":"GET /api/batches","timestamp":"2025-05-28T06:53:06.912Z"}
{"level":"info","message":"GET /api/branches","timestamp":"2025-05-28T06:53:06.916Z"}
{"level":"info","message":"GET /api/semesters","timestamp":"2025-05-28T06:53:06.920Z"}
{"level":"info","message":"GET /api/subjects","timestamp":"2025-05-28T06:53:06.924Z"}
{"level":"info","message":"GET /api/faculties","timestamp":"2025-05-28T06:53:06.931Z"}
{"level":"info","message":"GET /api/classrooms","timestamp":"2025-05-28T06:53:06.937Z"}
{"level":"info","message":"GET /api/branches","timestamp":"2025-05-28T06:53:07.172Z"}
{"level":"info","message":"GET /api/batches","timestamp":"2025-05-28T06:53:07.205Z"}
{"level":"info","message":"GET /api/faculties","timestamp":"2025-05-28T06:53:07.210Z"}
{"level":"info","message":"GET /api/classrooms","timestamp":"2025-05-28T06:53:07.222Z"}
{"level":"info","message":"GET /api/subjects","timestamp":"2025-05-28T06:53:07.459Z"}
{"level":"info","message":"GET /api/semesters","timestamp":"2025-05-28T06:53:07.965Z"}
{"level":"info","message":"GET /api/batches","timestamp":"2025-05-28T06:53:17.640Z"}
{"level":"info","message":"GET /api/branches","timestamp":"2025-05-28T06:53:17.644Z"}
{"level":"info","message":"GET /api/semesters","timestamp":"2025-05-28T06:53:17.647Z"}
{"level":"info","message":"GET /api/sections","timestamp":"2025-05-28T06:53:17.650Z"}
{"level":"info","message":"GET /api/subjects","timestamp":"2025-05-28T06:53:17.654Z"}
{"level":"info","message":"GET /api/faculties","timestamp":"2025-05-28T06:53:17.659Z"}
{"level":"info","message":"GET /api/classrooms","timestamp":"2025-05-28T06:53:17.751Z"}
{"level":"info","message":"GET /api/timeslots","timestamp":"2025-05-28T06:53:17.764Z"}
{"level":"info","message":"GET /api/sections","timestamp":"2025-05-28T06:53:17.769Z"}
{"level":"info","message":"GET /api/faculties","timestamp":"2025-05-28T06:53:17.773Z"}
{"level":"info","message":"GET /api/batches","timestamp":"2025-05-28T06:53:17.825Z"}
{"level":"info","message":"GET /api/branches","timestamp":"2025-05-28T06:53:17.852Z"}
{"level":"info","message":"GET /api/subjects","timestamp":"2025-05-28T06:53:17.869Z"}
{"level":"info","message":"GET /api/classrooms","timestamp":"2025-05-28T06:53:17.878Z"}
{"level":"info","message":"GET /api/semesters","timestamp":"2025-05-28T06:53:17.885Z"}
{"level":"info","message":"GET /api/timeslots","timestamp":"2025-05-28T06:53:17.890Z"}
{"level":"info","message":"Server running on port 5000","timestamp":"2025-05-28T08:54:36.637Z"}
{"level":"info","message":"GET /api/batches","timestamp":"2025-05-28T08:54:51.296Z"}
{"level":"info","message":"GET /api/timeslots","timestamp":"2025-05-28T08:54:51.304Z"}
{"level":"info","message":"GET /api/branches","timestamp":"2025-05-28T08:54:51.308Z"}
{"level":"info","message":"GET /api/semesters","timestamp":"2025-05-28T08:54:51.313Z"}
{"level":"info","message":"GET /api/subjects","timestamp":"2025-05-28T08:54:51.330Z"}
{"level":"info","message":"GET /api/classrooms","timestamp":"2025-05-28T08:54:51.335Z"}
{"level":"info","message":"GET /api/faculties","timestamp":"2025-05-28T08:54:51.341Z"}
{"level":"info","message":"POST /api/auth/login","timestamp":"2025-05-28T08:58:48.841Z"}
{"level":"info","message":"Server running on port 5000","timestamp":"2025-05-28T08:59:44.585Z"}
{"level":"info","message":"POST /api/auth/login","timestamp":"2025-05-28T08:59:59.209Z"}
{"level":"info","message":"GET /","timestamp":"2025-05-28T09:00:47.436Z"}
{"level":"info","message":"GET /api/stats","timestamp":"2025-05-28T09:00:51.656Z"}
{"level":"info","message":"GET /","timestamp":"2025-05-28T09:01:06.230Z"}
{"level":"info","message":"GET /loginMsg.js","timestamp":"2025-05-28T09:01:06.266Z"}
{"level":"info","message":"GET /cgi/get.cgi?cmd=home_login","timestamp":"2025-05-28T09:01:06.307Z"}
{"level":"info","message":"GET /api/batches","timestamp":"2025-05-28T09:01:06.331Z"}
{"level":"info","message":"GET /api/branches","timestamp":"2025-05-28T09:01:06.336Z"}
{"level":"info","message":"GET /api/semesters","timestamp":"2025-05-28T09:01:06.339Z"}
{"level":"info","message":"GET /api/subjects","timestamp":"2025-05-28T09:01:06.348Z"}
{"level":"info","message":"GET /api/faculties","timestamp":"2025-05-28T09:01:06.353Z"}
{"level":"info","message":"GET /api/classrooms","timestamp":"2025-05-28T09:01:06.357Z"}
{"level":"info","message":"GET /api/timeslots","timestamp":"2025-05-28T09:01:06.361Z"}
{"level":"info","message":"GET /api/semesters","timestamp":"2025-05-28T09:01:06.518Z"}
{"level":"info","message":"GET /api/branches","timestamp":"2025-05-28T09:01:06.537Z"}
{"level":"info","message":"GET /api/batches","timestamp":"2025-05-28T09:01:06.551Z"}
{"level":"info","message":"GET /api/faculties","timestamp":"2025-05-28T09:01:06.561Z"}
{"level":"info","message":"GET /api/classrooms","timestamp":"2025-05-28T09:01:06.586Z"}
{"level":"info","message":"GET /api/subjects","timestamp":"2025-05-28T09:01:06.595Z"}
{"level":"info","message":"GET /api/timeslots","timestamp":"2025-05-28T09:01:07.124Z"}
{"level":"info","message":"GET /api/batches","timestamp":"2025-05-28T09:01:09.940Z"}
{"level":"info","message":"GET /api/branches","timestamp":"2025-05-28T09:01:09.944Z"}
{"level":"info","message":"GET /api/semesters","timestamp":"2025-05-28T09:01:09.948Z"}
{"level":"info","message":"GET /api/subjects","timestamp":"2025-05-28T09:01:09.957Z"}
{"level":"info","message":"GET /api/faculties","timestamp":"2025-05-28T09:01:09.965Z"}
{"level":"info","message":"GET /api/classrooms","timestamp":"2025-05-28T09:01:09.970Z"}
{"level":"info","message":"GET /api/timeslots","timestamp":"2025-05-28T09:01:09.974Z"}
{"level":"info","message":"GET /","timestamp":"2025-05-28T09:02:38.377Z"}
{"level":"info","message":"GET /api/batches","timestamp":"2025-05-28T09:03:34.213Z"}
{"level":"info","message":"GET /api/branches","timestamp":"2025-05-28T09:03:34.217Z"}
{"level":"info","message":"GET /api/semesters","timestamp":"2025-05-28T09:03:34.220Z"}
{"level":"info","message":"GET /api/subjects","timestamp":"2025-05-28T09:03:34.225Z"}
{"level":"info","message":"GET /api/faculties","timestamp":"2025-05-28T09:03:34.228Z"}
{"level":"info","message":"GET /api/classrooms","timestamp":"2025-05-28T09:03:34.230Z"}
{"level":"info","message":"GET /api/timeslots","timestamp":"2025-05-28T09:03:34.233Z"}
{"level":"info","message":"GET /api/batches","timestamp":"2025-05-28T09:03:58.045Z"}
{"level":"info","message":"GET /api/branches","timestamp":"2025-05-28T09:03:58.049Z"}
{"level":"info","message":"GET /api/subjects","timestamp":"2025-05-28T09:03:58.052Z"}
{"level":"info","message":"GET /api/semesters","timestamp":"2025-05-28T09:03:58.058Z"}
{"level":"info","message":"GET /api/faculties","timestamp":"2025-05-28T09:03:58.071Z"}
{"level":"info","message":"GET /api/classrooms","timestamp":"2025-05-28T09:03:58.086Z"}
{"level":"info","message":"GET /api/timeslots","timestamp":"2025-05-28T09:03:58.093Z"}
{"level":"info","message":"Server running on port 5000","timestamp":"2025-05-28T09:04:07.768Z"}
{"level":"info","message":"GET /api/batches","timestamp":"2025-05-28T09:04:15.438Z"}
{"level":"info","message":"GET /api/timeslots","timestamp":"2025-05-28T09:04:15.445Z"}
{"level":"info","message":"GET /api/branches","timestamp":"2025-05-28T09:04:15.450Z"}
{"level":"info","message":"GET /api/semesters","timestamp":"2025-05-28T09:04:15.453Z"}
{"level":"info","message":"GET /api/subjects","timestamp":"2025-05-28T09:04:15.458Z"}
{"level":"info","message":"GET /api/faculties","timestamp":"2025-05-28T09:04:15.461Z"}
{"level":"info","message":"GET /api/classrooms","timestamp":"2025-05-28T09:04:15.622Z"}
{"level":"info","message":"POST /api/subjects","timestamp":"2025-05-28T09:05:09.481Z"}
{"level":"info","message":"GET /api/batches","timestamp":"2025-05-28T09:05:28.125Z"}
{"level":"info","message":"GET /api/subjects","timestamp":"2025-05-28T09:05:28.132Z"}
{"level":"info","message":"GET /api/branches","timestamp":"2025-05-28T09:05:28.138Z"}
{"level":"info","message":"GET /api/semesters","timestamp":"2025-05-28T09:05:28.142Z"}
{"level":"info","message":"GET /api/sections","timestamp":"2025-05-28T09:05:28.145Z"}
{"level":"info","message":"GET /api/faculties","timestamp":"2025-05-28T09:05:28.164Z"}
{"level":"info","message":"GET /api/classrooms","timestamp":"2025-05-28T09:05:28.211Z"}
{"level":"info","message":"GET /api/timeslots","timestamp":"2025-05-28T09:05:28.267Z"}
{"level":"info","message":"GET /api/batches","timestamp":"2025-05-28T09:05:28.272Z"}
{"level":"info","message":"GET /api/branches","timestamp":"2025-05-28T09:05:28.413Z"}
{"level":"info","message":"GET /api/faculties","timestamp":"2025-05-28T09:05:28.416Z"}
{"level":"info","message":"GET /api/classrooms","timestamp":"2025-05-28T09:05:28.419Z"}
{"level":"info","message":"GET /api/sections","timestamp":"2025-05-28T09:05:28.423Z"}
{"level":"info","message":"GET /api/subjects","timestamp":"2025-05-28T09:05:28.436Z"}
{"level":"info","message":"GET /api/semesters","timestamp":"2025-05-28T09:05:28.442Z"}
{"level":"info","message":"GET /api/timeslots","timestamp":"2025-05-28T09:05:28.503Z"}
{"level":"info","message":"GET /api/batches","timestamp":"2025-05-28T09:08:02.420Z"}
{"level":"info","message":"GET /api/branches","timestamp":"2025-05-28T09:08:02.428Z"}
{"level":"info","message":"GET /api/semesters","timestamp":"2025-05-28T09:08:02.432Z"}
{"level":"info","message":"GET /api/sections","timestamp":"2025-05-28T09:08:02.443Z"}
{"level":"info","message":"GET /api/subjects","timestamp":"2025-05-28T09:08:02.455Z"}
{"level":"info","message":"GET /api/faculties","timestamp":"2025-05-28T09:08:02.460Z"}
{"level":"info","message":"GET /api/classrooms","timestamp":"2025-05-28T09:08:02.486Z"}
{"level":"info","message":"GET /api/timeslots","timestamp":"2025-05-28T09:08:02.642Z"}
{"level":"info","message":"GET /api/batches","timestamp":"2025-05-28T09:09:52.163Z"}
{"level":"info","message":"GET /api/branches","timestamp":"2025-05-28T09:09:52.168Z"}
{"level":"info","message":"GET /api/semesters","timestamp":"2025-05-28T09:09:52.170Z"}
{"level":"info","message":"GET /api/sections","timestamp":"2025-05-28T09:09:52.172Z"}
{"level":"info","message":"GET /api/subjects","timestamp":"2025-05-28T09:09:52.179Z"}
{"level":"info","message":"GET /api/faculties","timestamp":"2025-05-28T09:09:52.181Z"}
{"level":"info","message":"GET /api/classrooms","timestamp":"2025-05-28T09:09:52.188Z"}
{"level":"info","message":"GET /api/timeslots","timestamp":"2025-05-28T09:09:52.328Z"}
{"level":"info","message":"GET /api/batches","timestamp":"2025-05-28T09:10:24.037Z"}
{"level":"info","message":"GET /api/branches","timestamp":"2025-05-28T09:10:24.040Z"}
{"level":"info","message":"GET /api/semesters","timestamp":"2025-05-28T09:10:24.042Z"}
{"level":"info","message":"GET /api/sections","timestamp":"2025-05-28T09:10:24.045Z"}
{"level":"info","message":"GET /api/subjects","timestamp":"2025-05-28T09:10:24.048Z"}
{"level":"info","message":"GET /api/faculties","timestamp":"2025-05-28T09:10:24.051Z"}
{"level":"info","message":"GET /api/classrooms","timestamp":"2025-05-28T09:10:24.060Z"}
{"level":"info","message":"GET /api/timeslots","timestamp":"2025-05-28T09:10:24.172Z"}
{"level":"info","message":"Server running on port 5000","timestamp":"2025-05-28T09:10:34.925Z"}
{"level":"info","message":"GET /api/batches","timestamp":"2025-05-28T09:10:47.403Z"}
{"level":"info","message":"GET /api/branches","timestamp":"2025-05-28T09:10:47.409Z"}
{"level":"info","message":"GET /api/semesters","timestamp":"2025-05-28T09:10:47.412Z"}
{"level":"info","message":"GET /api/sections","timestamp":"2025-05-28T09:10:47.416Z"}
{"level":"info","message":"GET /api/subjects","timestamp":"2025-05-28T09:10:47.419Z"}
{"level":"info","message":"GET /api/faculties","timestamp":"2025-05-28T09:10:47.422Z"}
{"level":"info","message":"GET /api/classrooms","timestamp":"2025-05-28T09:10:47.539Z"}
{"level":"info","message":"GET /api/timeslots","timestamp":"2025-05-28T09:10:47.580Z"}
{"level":"info","message":"GET /api/batches","timestamp":"2025-05-28T09:11:17.883Z"}
{"level":"info","message":"GET /api/branches","timestamp":"2025-05-28T09:11:17.888Z"}
{"level":"info","message":"GET /api/semesters","timestamp":"2025-05-28T09:11:17.892Z"}
{"level":"info","message":"GET /api/subjects","timestamp":"2025-05-28T09:11:17.897Z"}
{"level":"info","message":"GET /api/faculties","timestamp":"2025-05-28T09:11:17.900Z"}
{"level":"info","message":"GET /api/classrooms","timestamp":"2025-05-28T09:11:17.903Z"}
{"level":"info","message":"GET /api/timeslots","timestamp":"2025-05-28T09:11:18.014Z"}
{"level":"info","message":"GET /api/classrooms","timestamp":"2025-05-28T09:11:18.016Z"}
{"level":"info","message":"GET /api/branches","timestamp":"2025-05-28T09:11:18.020Z"}
{"level":"info","message":"GET /api/faculties","timestamp":"2025-05-28T09:11:18.023Z"}
{"level":"info","message":"GET /api/batches","timestamp":"2025-05-28T09:11:18.133Z"}
{"level":"info","message":"GET /api/timeslots","timestamp":"2025-05-28T09:11:18.137Z"}
{"level":"info","message":"GET /api/subjects","timestamp":"2025-05-28T09:11:18.142Z"}
{"level":"info","message":"GET /api/semesters","timestamp":"2025-05-28T09:11:18.149Z"}
{"level":"info","message":"POST /api/batches","timestamp":"2025-05-28T09:11:46.658Z"}
{"level":"info","message":"POST /api/branches","timestamp":"2025-05-28T09:12:12.099Z"}
{"level":"info","message":"POST /api/semesters","timestamp":"2025-05-28T09:12:34.687Z"}
{"level":"info","message":"POST /api/semesters","timestamp":"2025-05-28T09:12:39.479Z"}
{"level":"info","message":"Server running on port 5000","timestamp":"2025-05-28T09:13:48.234Z"}
{"level":"info","message":"POST /api/semesters","timestamp":"2025-05-28T09:14:02.070Z"}
{"level":"info","message":"POST /api/subjects","timestamp":"2025-05-28T09:14:14.944Z"}
{"level":"info","message":"POST /api/faculties","timestamp":"2025-05-28T09:14:41.694Z"}
{"level":"info","message":"POST /api/classrooms","timestamp":"2025-05-28T09:14:55.831Z"}
{"level":"info","message":"GET /api/batches","timestamp":"2025-05-28T09:15:12.926Z"}
{"level":"info","message":"GET /api/branches","timestamp":"2025-05-28T09:15:12.933Z"}
{"level":"info","message":"GET /api/semesters","timestamp":"2025-05-28T09:15:12.936Z"}
{"level":"info","message":"GET /api/subjects","timestamp":"2025-05-28T09:15:12.940Z"}
{"level":"info","message":"GET /api/faculties","timestamp":"2025-05-28T09:15:12.944Z"}
{"level":"info","message":"GET /api/classrooms","timestamp":"2025-05-28T09:15:12.951Z"}
{"level":"info","message":"GET /api/sections","timestamp":"2025-05-28T09:15:13.075Z"}
{"level":"info","message":"GET /api/timeslots","timestamp":"2025-05-28T09:15:13.105Z"}
{"level":"info","message":"GET /api/branches","timestamp":"2025-05-28T09:15:13.137Z"}
{"level":"info","message":"GET /api/batches","timestamp":"2025-05-28T09:15:13.141Z"}
{"level":"info","message":"GET /api/semesters","timestamp":"2025-05-28T09:15:13.194Z"}
{"level":"info","message":"GET /api/subjects","timestamp":"2025-05-28T09:15:13.204Z"}
{"level":"info","message":"GET /api/sections","timestamp":"2025-05-28T09:15:13.228Z"}
{"level":"info","message":"GET /api/faculties","timestamp":"2025-05-28T09:15:13.237Z"}
{"level":"info","message":"GET /api/timeslots","timestamp":"2025-05-28T09:15:13.741Z"}
{"level":"info","message":"GET /api/classrooms","timestamp":"2025-05-28T09:15:13.806Z"}
{"level":"info","message":"Server running on port 5000","timestamp":"2025-05-28T09:22:38.290Z"}
{"level":"info","message":"GET /api/batches","timestamp":"2025-05-28T09:22:44.272Z"}
{"level":"info","message":"GET /api/classrooms","timestamp":"2025-05-28T09:22:44.278Z"}
{"level":"info","message":"GET /api/branches","timestamp":"2025-05-28T09:22:44.280Z"}
{"level":"info","message":"GET /api/semesters","timestamp":"2025-05-28T09:22:44.283Z"}
{"level":"info","message":"GET /api/sections","timestamp":"2025-05-28T09:22:44.293Z"}
{"level":"info","message":"GET /api/subjects","timestamp":"2025-05-28T09:22:44.299Z"}
{"level":"info","message":"GET /api/faculties","timestamp":"2025-05-28T09:22:44.302Z"}
{"level":"info","message":"GET /api/timeslots","timestamp":"2025-05-28T09:22:44.371Z"}
{"level":"info","message":"GET /api/batches","timestamp":"2025-05-28T09:22:49.123Z"}
{"level":"info","message":"GET /api/branches","timestamp":"2025-05-28T09:22:49.131Z"}
{"level":"info","message":"GET /api/semesters","timestamp":"2025-05-28T09:22:49.135Z"}
{"level":"info","message":"GET /api/sections","timestamp":"2025-05-28T09:22:49.142Z"}
{"level":"info","message":"GET /api/subjects","timestamp":"2025-05-28T09:22:49.146Z"}
{"level":"info","message":"GET /api/faculties","timestamp":"2025-05-28T09:22:49.149Z"}
{"level":"info","message":"GET /api/classrooms","timestamp":"2025-05-28T09:22:49.153Z"}
{"level":"info","message":"GET /api/timeslots","timestamp":"2025-05-28T09:22:49.276Z"}
{"level":"info","message":"GET /api/batches","timestamp":"2025-05-28T09:23:03.323Z"}
{"level":"info","message":"GET /api/branches","timestamp":"2025-05-28T09:23:03.327Z"}
{"level":"info","message":"GET /api/semesters","timestamp":"2025-05-28T09:23:03.329Z"}
{"level":"info","message":"GET /api/sections","timestamp":"2025-05-28T09:23:03.332Z"}
{"level":"info","message":"GET /api/subjects","timestamp":"2025-05-28T09:23:03.335Z"}
{"level":"info","message":"GET /api/faculties","timestamp":"2025-05-28T09:23:03.338Z"}
{"level":"info","message":"GET /api/classrooms","timestamp":"2025-05-28T09:23:03.341Z"}
{"level":"info","message":"GET /api/timeslots","timestamp":"2025-05-28T09:23:03.450Z"}
{"level":"info","message":"GET /api/batches","timestamp":"2025-05-28T09:23:45.596Z"}
{"level":"info","message":"GET /api/branches","timestamp":"2025-05-28T09:23:45.598Z"}
{"level":"info","message":"GET /api/semesters","timestamp":"2025-05-28T09:23:45.601Z"}
{"level":"info","message":"GET /api/sections","timestamp":"2025-05-28T09:23:45.605Z"}
{"level":"info","message":"GET /api/subjects","timestamp":"2025-05-28T09:23:45.609Z"}
{"level":"info","message":"GET /api/faculties","timestamp":"2025-05-28T09:23:45.614Z"}
{"level":"info","message":"GET /api/classrooms","timestamp":"2025-05-28T09:23:45.617Z"}
{"level":"info","message":"GET /api/timeslots","timestamp":"2025-05-28T09:23:45.696Z"}
{"level":"info","message":"GET /api/batches","timestamp":"2025-05-28T09:23:47.819Z"}
{"level":"info","message":"GET /api/branches","timestamp":"2025-05-28T09:23:47.826Z"}
{"level":"info","message":"GET /api/semesters","timestamp":"2025-05-28T09:23:47.830Z"}
{"level":"info","message":"GET /api/sections","timestamp":"2025-05-28T09:23:47.833Z"}
{"level":"info","message":"GET /api/subjects","timestamp":"2025-05-28T09:23:47.835Z"}
{"level":"info","message":"GET /api/faculties","timestamp":"2025-05-28T09:23:47.837Z"}
{"level":"info","message":"GET /api/classrooms","timestamp":"2025-05-28T09:23:47.840Z"}
{"level":"info","message":"GET /api/timeslots","timestamp":"2025-05-28T09:23:47.985Z"}
{"level":"info","message":"GET /api/batches","timestamp":"2025-05-28T09:24:34.591Z"}
{"level":"info","message":"GET /api/branches","timestamp":"2025-05-28T09:24:34.597Z"}
{"level":"info","message":"GET /api/semesters","timestamp":"2025-05-28T09:24:34.600Z"}
{"level":"info","message":"GET /api/sections","timestamp":"2025-05-28T09:24:34.604Z"}
{"level":"info","message":"GET /api/subjects","timestamp":"2025-05-28T09:24:34.608Z"}
{"level":"info","message":"GET /api/faculties","timestamp":"2025-05-28T09:24:34.610Z"}
{"level":"info","message":"GET /api/classrooms","timestamp":"2025-05-28T09:24:34.613Z"}
{"level":"info","message":"GET /api/timeslots","timestamp":"2025-05-28T09:24:34.739Z"}
{"level":"info","message":"Server running on port 5000","timestamp":"2025-05-28T09:24:40.165Z"}
{"level":"info","message":"GET /api/batches","timestamp":"2025-05-28T09:24:45.911Z"}
{"level":"info","message":"GET /api/classrooms","timestamp":"2025-05-28T09:24:45.918Z"}
{"level":"info","message":"GET /api/branches","timestamp":"2025-05-28T09:24:45.924Z"}
{"level":"info","message":"GET /api/semesters","timestamp":"2025-05-28T09:24:45.928Z"}
{"level":"info","message":"GET /api/sections","timestamp":"2025-05-28T09:24:45.933Z"}
{"level":"info","message":"GET /api/subjects","timestamp":"2025-05-28T09:24:45.937Z"}
{"level":"info","message":"GET /api/faculties","timestamp":"2025-05-28T09:24:46.010Z"}
{"level":"info","message":"GET /api/timeslots","timestamp":"2025-05-28T09:24:46.013Z"}
{"level":"info","message":"GET /api/semesters","timestamp":"2025-05-28T09:25:25.766Z"}
{"level":"info","message":"GET /api/batches","timestamp":"2025-05-28T09:25:25.775Z"}
{"level":"info","message":"GET /api/subjects","timestamp":"2025-05-28T09:25:25.780Z"}
{"level":"info","message":"GET /api/branches","timestamp":"2025-05-28T09:25:25.787Z"}
{"level":"info","message":"GET /api/faculties","timestamp":"2025-05-28T09:25:25.793Z"}
{"level":"info","message":"GET /api/classrooms","timestamp":"2025-05-28T09:25:25.801Z"}
{"level":"info","message":"GET /api/timeslots","timestamp":"2025-05-28T09:25:25.908Z"}
{"level":"info","message":"GET /api/classrooms","timestamp":"2025-05-28T09:25:25.917Z"}
{"level":"info","message":"GET /api/batches","timestamp":"2025-05-28T09:25:26.012Z"}
{"level":"info","message":"GET /api/branches","timestamp":"2025-05-28T09:25:26.022Z"}
{"level":"info","message":"GET /api/timeslots","timestamp":"2025-05-28T09:25:26.028Z"}
{"level":"info","message":"GET /api/faculties","timestamp":"2025-05-28T09:25:26.046Z"}
{"level":"info","message":"GET /api/subjects","timestamp":"2025-05-28T09:25:26.089Z"}
{"level":"info","message":"GET /api/semesters","timestamp":"2025-05-28T09:25:26.626Z"}
{"level":"info","message":"Server running on port 5000","timestamp":"2025-05-28T09:27:32.671Z"}
{"level":"info","message":"GET /api/batches","timestamp":"2025-05-28T09:30:15.034Z"}
{"level":"info","message":"GET /api/timeslots","timestamp":"2025-05-28T09:30:15.042Z"}
{"level":"info","message":"GET /api/branches","timestamp":"2025-05-28T09:30:15.047Z"}
{"level":"info","message":"GET /api/semesters","timestamp":"2025-05-28T09:30:15.051Z"}
{"level":"info","message":"GET /api/subjects","timestamp":"2025-05-28T09:30:15.056Z"}
{"level":"info","message":"GET /api/faculties","timestamp":"2025-05-28T09:30:15.065Z"}
{"level":"info","message":"GET /api/classrooms","timestamp":"2025-05-28T09:30:15.119Z"}
